<?xml version="1.0" encoding="UTF-8"?>
<!-- Generated by org.testng.reporters.JUnitReportReporter -->
<testsuite hostname="LAPTOP-BEMV9KHL" failures="0" tests="2" name="testcase.TC008CreateContact" time="33.163" errors="0" timestamp="2022-12-19T21:32:45 IST" skipped="0">
  <testcase classname="testcase.TC008CreateContact" name="loginTest" time="15.837"/>
  <system-out/>
  <testcase classname="testcase.TC008CreateContact" name="loginTest" time="17.326"/>
  <system-out/>
</testsuite> <!-- testcase.TC008CreateContact -->
