<?xml version="1.0" encoding="UTF-8"?>
<!-- Generated by org.testng.reporters.JUnitReportReporter -->
<testsuite hostname="LAPTOP-BEMV9KHL" failures="0" tests="1" name="testcase.TC009FindContact" time="12.792" errors="0" timestamp="2022-12-19T21:32:45 IST" skipped="0">
  <testcase classname="testcase.TC009FindContact" name="loginTest" time="12.792"/>
  <system-out/>
</testsuite> <!-- testcase.TC009FindContact -->
