<?xml version="1.0" encoding="UTF-8"?>
<!-- Generated by org.testng.reporters.JUnitReportReporter -->
<testsuite hostname="LAPTOP-BEMV9KHL" failures="0" tests="1" name="testcase.TC002CreateLead" time="21.744" errors="0" timestamp="2022-12-19T21:32:45 IST" skipped="0">
  <testcase classname="testcase.TC002CreateLead" name="createLeadTest" time="21.744"/>
  <system-out/>
</testsuite> <!-- testcase.TC002CreateLead -->
