<?xml version="1.0" encoding="UTF-8"?>
<!-- Generated by org.testng.reporters.JUnitReportReporter -->
<testsuite hostname="LAPTOP-BEMV9KHL" failures="0" tests="2" name="testcase.TC013CreateAccount" time="32.747" errors="0" timestamp="2022-12-19T21:32:45 IST" skipped="0">
  <testcase classname="testcase.TC013CreateAccount" name="createAccount" time="15.825"/>
  <system-out/>
  <testcase classname="testcase.TC013CreateAccount" name="createAccount" time="16.922"/>
  <system-out/>
</testsuite> <!-- testcase.TC013CreateAccount -->
