<?xml version="1.0" encoding="UTF-8"?>
<!-- Generated by org.testng.reporters.JUnitReportReporter -->
<testsuite hostname="LAPTOP-BEMV9KHL" failures="0" tests="1" name="testcase.TC014FindAccount" time="12.528" errors="0" timestamp="2022-12-19T21:32:45 IST" skipped="0">
  <testcase classname="testcase.TC014FindAccount" name="findAccount" time="12.528"/>
  <system-out/>
</testsuite> <!-- testcase.TC014FindAccount -->
