<?xml version="1.0" encoding="UTF-8"?>
<!-- Generated by org.testng.reporters.JUnitReportReporter -->
<testsuite hostname="LAPTOP-BEMV9KHL" failures="0" tests="1" name="testcase.TC003FindLead" time="12.179" errors="0" timestamp="2022-12-19T21:32:45 IST" skipped="0">
  <testcase classname="testcase.TC003FindLead" name="findLeadTest" time="12.179"/>
  <system-out/>
</testsuite> <!-- testcase.TC003FindLead -->
