<?xml version="1.0" encoding="UTF-8"?>
<!-- Generated by org.testng.reporters.JUnitReportReporter -->
<testsuite hostname="LAPTOP-BEMV9KHL" failures="0" tests="1" name="testcase.TC007RequestCatalog" time="12.034" errors="0" timestamp="2022-12-19T21:32:45 IST" skipped="0">
  <testcase classname="testcase.TC007RequestCatalog" name="loginTest" time="12.034"/>
  <system-out/>
</testsuite> <!-- testcase.TC007RequestCatalog -->
